DEBUG main cn.hutool.log.LogFactory - Use [Log4j] Logger As Default.
INFO main cn.how2j.diytomcat.Bootstrap - Server version:		How2J DiyTomcat/1.0.1
INFO main cn.how2j.diytomcat.Bootstrap - Server built:		2020-04-08 10:20:22
INFO main cn.how2j.diytomcat.Bootstrap - Server number:		1.0.1
INFO main cn.how2j.diytomcat.Bootstrap - OS Name	:		Mac OS X
INFO main cn.how2j.diytomcat.Bootstrap - OS Version:		12.3
INFO main cn.how2j.diytomcat.Bootstrap - Architecture:		x86_64
INFO main cn.how2j.diytomcat.Bootstrap - Java Home:		/Users/henryye/Library/Java/JavaVirtualMachines/openjdk-18/Contents/Home
INFO main cn.how2j.diytomcat.Bootstrap - JVM Version:		18+36-2087
INFO main cn.how2j.diytomcat.Bootstrap - JVM Vendor:		Oracle Corporation
DEBUG main cn.hutool.log.LogFactory - Use [Log4j] Logger As Default.
INFO main cn.how2j.diytomcat.Bootstrap - Server version:		Henry DiyTomcat/1.0.1
INFO main cn.how2j.diytomcat.Bootstrap - Server built:		2022-06-15 10:20:22
INFO main cn.how2j.diytomcat.Bootstrap - Server number:		1.0.1
INFO main cn.how2j.diytomcat.Bootstrap - OS Name	:		Mac OS X
INFO main cn.how2j.diytomcat.Bootstrap - OS Version:		12.3
INFO main cn.how2j.diytomcat.Bootstrap - Architecture:		x86_64
INFO main cn.how2j.diytomcat.Bootstrap - Java Home:		/Users/henryye/Library/Java/JavaVirtualMachines/openjdk-18/Contents/Home
INFO main cn.how2j.diytomcat.Bootstrap - JVM Version:		18+36-2087
INFO main cn.how2j.diytomcat.Bootstrap - JVM Vendor:		Oracle Corporation
DEBUG main cn.hutool.log.LogFactory - Use [Log4j] Logger As Default.
WARN main cn.how2j.diytomcat.Bootstrap - Server version:		Henry DiyTomcat/1.0.1
WARN main cn.how2j.diytomcat.Bootstrap - Server built:		2022-06-15 10:20:22
WARN main cn.how2j.diytomcat.Bootstrap - Server number:		1.0.1
WARN main cn.how2j.diytomcat.Bootstrap - OS Name	:		Mac OS X
WARN main cn.how2j.diytomcat.Bootstrap - OS Version:		12.3
WARN main cn.how2j.diytomcat.Bootstrap - Architecture:		x86_64
WARN main cn.how2j.diytomcat.Bootstrap - Java Home:		/Users/henryye/Library/Java/JavaVirtualMachines/openjdk-18/Contents/Home
WARN main cn.how2j.diytomcat.Bootstrap - JVM Version:		18+36-2087
WARN main cn.how2j.diytomcat.Bootstrap - JVM Vendor:		Oracle Corporation
DEBUG main cn.hutool.log.LogFactory - Use [Log4j] Logger As Default.
ERROR main cn.how2j.diytomcat.Bootstrap - Server version:		Henry DiyTomcat/1.0.1
ERROR main cn.how2j.diytomcat.Bootstrap - Server built:		2022-06-15 10:20:22
ERROR main cn.how2j.diytomcat.Bootstrap - Server number:		1.0.1
ERROR main cn.how2j.diytomcat.Bootstrap - OS Name	:		Mac OS X
ERROR main cn.how2j.diytomcat.Bootstrap - OS Version:		12.3
ERROR main cn.how2j.diytomcat.Bootstrap - Architecture:		x86_64
ERROR main cn.how2j.diytomcat.Bootstrap - Java Home:		/Users/henryye/Library/Java/JavaVirtualMachines/openjdk-18/Contents/Home
ERROR main cn.how2j.diytomcat.Bootstrap - JVM Version:		18+36-2087
ERROR main cn.how2j.diytomcat.Bootstrap - JVM Vendor:		Oracle Corporation
DEBUG main cn.hutool.log.LogFactory - Use [Log4j] Logger As Default.
INFO main cn.how2j.diytomcat.Bootstrap - Server version:		Henry DiyTomcat/1.0.1
INFO main cn.how2j.diytomcat.Bootstrap - Server built:		2022-06-15 10:20:22
INFO main cn.how2j.diytomcat.Bootstrap - Server number:		1.0.1
INFO main cn.how2j.diytomcat.Bootstrap - OS Name	:		Mac OS X
INFO main cn.how2j.diytomcat.Bootstrap - OS Version:		12.3
INFO main cn.how2j.diytomcat.Bootstrap - Architecture:		x86_64
INFO main cn.how2j.diytomcat.Bootstrap - Java Home:		/Users/henryye/Library/Java/JavaVirtualMachines/openjdk-18/Contents/Home
INFO main cn.how2j.diytomcat.Bootstrap - JVM Version:		18+36-2087
INFO main cn.how2j.diytomcat.Bootstrap - JVM Vendor:		Oracle Corporation
DEBUG main cn.hutool.log.LogFactory - Use [Log4j] Logger As Default.
INFO main cn.how2j.diytomcat.Bootstrap - Server version:		Henry DiyTomcat/1.0.1
INFO main cn.how2j.diytomcat.Bootstrap - Server built:		2022-06-15 10:20:22
INFO main cn.how2j.diytomcat.Bootstrap - Server number:		1.0.1
INFO main cn.how2j.diytomcat.Bootstrap - OS Name	:		Mac OS X
INFO main cn.how2j.diytomcat.Bootstrap - OS Version:		12.3
INFO main cn.how2j.diytomcat.Bootstrap - Architecture:		x86_64
INFO main cn.how2j.diytomcat.Bootstrap - Java Home:		/Users/henryye/Library/Java/JavaVirtualMachines/openjdk-18/Contents/Home
INFO main cn.how2j.diytomcat.Bootstrap - JVM Version:		18+36-2087
INFO main cn.how2j.diytomcat.Bootstrap - JVM Vendor:		Oracle Corporation
DEBUG main cn.hutool.log.LogFactory - Use [Log4j] Logger As Default.
INFO main cn.how2j.diytomcat.Bootstrap - Server version:		Henry DiyTomcat/1.0.1
INFO main cn.how2j.diytomcat.Bootstrap - Server built:		2022-06-15 10:20:22
INFO main cn.how2j.diytomcat.Bootstrap - Server number:		1.0.1
INFO main cn.how2j.diytomcat.Bootstrap - OS Name	:		Mac OS X
INFO main cn.how2j.diytomcat.Bootstrap - OS Version:		12.3
INFO main cn.how2j.diytomcat.Bootstrap - Architecture:		x86_64
INFO main cn.how2j.diytomcat.Bootstrap - Java Home:		/Users/henryye/Library/Java/JavaVirtualMachines/openjdk-18.0.2/Contents/Home
INFO main cn.how2j.diytomcat.Bootstrap - JVM Version:		18.0.2+9-61
INFO main cn.how2j.diytomcat.Bootstrap - JVM Vendor:		Oracle Corporation
DEBUG main cn.hutool.log.LogFactory - Use [Log4j] Logger As Default.
INFO main cn.how2j.diytomcat.Bootstrap - Server version:		Henry DiyTomcat/1.0.1
INFO main cn.how2j.diytomcat.Bootstrap - Server built:		2022-06-15 10:20:22
INFO main cn.how2j.diytomcat.Bootstrap - Server number:		1.0.1
INFO main cn.how2j.diytomcat.Bootstrap - OS Name	:		Mac OS X
INFO main cn.how2j.diytomcat.Bootstrap - OS Version:		12.3
INFO main cn.how2j.diytomcat.Bootstrap - Architecture:		x86_64
INFO main cn.how2j.diytomcat.Bootstrap - Java Home:		/Users/henryye/Library/Java/JavaVirtualMachines/openjdk-18.0.2/Contents/Home
INFO main cn.how2j.diytomcat.Bootstrap - JVM Version:		18.0.2+9-61
INFO main cn.how2j.diytomcat.Bootstrap - JVM Vendor:		Oracle Corporation
DEBUG main cn.hutool.log.LogFactory - Use [Log4j] Logger As Default.
INFO main cn.how2j.diytomcat.Bootstrap - Server version:		Henry DiyTomcat/1.0.1
INFO main cn.how2j.diytomcat.Bootstrap - Server built:		2022-06-15 10:20:22
INFO main cn.how2j.diytomcat.Bootstrap - Server number:		1.0.1
INFO main cn.how2j.diytomcat.Bootstrap - OS Name	:		Mac OS X
INFO main cn.how2j.diytomcat.Bootstrap - OS Version:		12.3
INFO main cn.how2j.diytomcat.Bootstrap - Architecture:		x86_64
INFO main cn.how2j.diytomcat.Bootstrap - Java Home:		/Users/henryye/Library/Java/JavaVirtualMachines/openjdk-18.0.2/Contents/Home
INFO main cn.how2j.diytomcat.Bootstrap - JVM Version:		18.0.2+9-61
INFO main cn.how2j.diytomcat.Bootstrap - JVM Vendor:		Oracle Corporation
DEBUG main cn.hutool.log.LogFactory - Use [Log4j] Logger As Default.
INFO main cn.how2j.diytomcat.Bootstrap - Server version:		Henry DiyTomcat/1.0.1
INFO main cn.how2j.diytomcat.Bootstrap - Server built:		2022-06-15 10:20:22
INFO main cn.how2j.diytomcat.Bootstrap - Server number:		1.0.1
INFO main cn.how2j.diytomcat.Bootstrap - OS Name	:		Mac OS X
INFO main cn.how2j.diytomcat.Bootstrap - OS Version:		12.3
INFO main cn.how2j.diytomcat.Bootstrap - Architecture:		x86_64
INFO main cn.how2j.diytomcat.Bootstrap - Java Home:		/Users/henryye/Library/Java/JavaVirtualMachines/openjdk-18.0.2/Contents/Home
INFO main cn.how2j.diytomcat.Bootstrap - JVM Version:		18.0.2+9-61
INFO main cn.how2j.diytomcat.Bootstrap - JVM Vendor:		Oracle Corporation
DEBUG main cn.hutool.log.LogFactory - Use [Log4j] Logger As Default.
INFO main cn.how2j.diytomcat.Bootstrap - Server version:		Henry DiyTomcat/1.0.1
INFO main cn.how2j.diytomcat.Bootstrap - Server built:		2022-06-15 10:20:22
INFO main cn.how2j.diytomcat.Bootstrap - Server number:		1.0.1
INFO main cn.how2j.diytomcat.Bootstrap - OS Name	:		Mac OS X
INFO main cn.how2j.diytomcat.Bootstrap - OS Version:		12.3
INFO main cn.how2j.diytomcat.Bootstrap - Architecture:		x86_64
INFO main cn.how2j.diytomcat.Bootstrap - Java Home:		/Users/henryye/Library/Java/JavaVirtualMachines/openjdk-18.0.2/Contents/Home
INFO main cn.how2j.diytomcat.Bootstrap - JVM Version:		18.0.2+9-61
INFO main cn.how2j.diytomcat.Bootstrap - JVM Vendor:		Oracle Corporation
DEBUG main cn.hutool.log.LogFactory - Use [Log4j] Logger As Default.
INFO main cn.how2j.diytomcat.Bootstrap - Server version:		Henry DiyTomcat/1.0.1
INFO main cn.how2j.diytomcat.Bootstrap - Server built:		2022-06-15 10:20:22
INFO main cn.how2j.diytomcat.Bootstrap - Server number:		1.0.1
INFO main cn.how2j.diytomcat.Bootstrap - OS Name	:		Mac OS X
INFO main cn.how2j.diytomcat.Bootstrap - OS Version:		12.3
INFO main cn.how2j.diytomcat.Bootstrap - Architecture:		x86_64
INFO main cn.how2j.diytomcat.Bootstrap - Java Home:		/Users/henryye/Library/Java/JavaVirtualMachines/openjdk-18.0.2/Contents/Home
INFO main cn.how2j.diytomcat.Bootstrap - JVM Version:		18.0.2+9-61
INFO main cn.how2j.diytomcat.Bootstrap - JVM Vendor:		Oracle Corporation
DEBUG main cn.hutool.log.LogFactory - Use [Log4j] Logger As Default.
INFO main cn.how2j.diytomcat.Bootstrap - Server version:		Henry DiyTomcat/1.0.1
INFO main cn.how2j.diytomcat.Bootstrap - Server built:		2022-06-15 10:20:22
INFO main cn.how2j.diytomcat.Bootstrap - Server number:		1.0.1
INFO main cn.how2j.diytomcat.Bootstrap - OS Name	:		Mac OS X
INFO main cn.how2j.diytomcat.Bootstrap - OS Version:		12.3
INFO main cn.how2j.diytomcat.Bootstrap - Architecture:		x86_64
INFO main cn.how2j.diytomcat.Bootstrap - Java Home:		/Users/henryye/Library/Java/JavaVirtualMachines/openjdk-18.0.2/Contents/Home
INFO main cn.how2j.diytomcat.Bootstrap - JVM Version:		18.0.2+9-61
INFO main cn.how2j.diytomcat.Bootstrap - JVM Vendor:		Oracle Corporation
DEBUG main cn.hutool.log.LogFactory - Use [Log4j] Logger As Default.
INFO main cn.how2j.diytomcat.Bootstrap - Server version:		Henry DiyTomcat/1.0.1
INFO main cn.how2j.diytomcat.Bootstrap - Server built:		2022-06-15 10:20:22
INFO main cn.how2j.diytomcat.Bootstrap - Server number:		1.0.1
INFO main cn.how2j.diytomcat.Bootstrap - OS Name	:		Mac OS X
INFO main cn.how2j.diytomcat.Bootstrap - OS Version:		12.3
INFO main cn.how2j.diytomcat.Bootstrap - Architecture:		x86_64
INFO main cn.how2j.diytomcat.Bootstrap - Java Home:		/Users/henryye/Library/Java/JavaVirtualMachines/openjdk-18.0.2/Contents/Home
INFO main cn.how2j.diytomcat.Bootstrap - JVM Version:		18.0.2+9-61
INFO main cn.how2j.diytomcat.Bootstrap - JVM Vendor:		Oracle Corporation
DEBUG main cn.hutool.log.LogFactory - Use [Log4j] Logger As Default.
INFO main cn.how2j.diytomcat.Bootstrap - Server version:		Henry DiyTomcat/1.0.1
INFO main cn.how2j.diytomcat.Bootstrap - Server built:		2022-06-15 10:20:22
INFO main cn.how2j.diytomcat.Bootstrap - Server number:		1.0.1
INFO main cn.how2j.diytomcat.Bootstrap - OS Name	:		Mac OS X
INFO main cn.how2j.diytomcat.Bootstrap - OS Version:		12.3
INFO main cn.how2j.diytomcat.Bootstrap - Architecture:		x86_64
INFO main cn.how2j.diytomcat.Bootstrap - Java Home:		/Users/henryye/Library/Java/JavaVirtualMachines/openjdk-18.0.2/Contents/Home
INFO main cn.how2j.diytomcat.Bootstrap - JVM Version:		18.0.2+9-61
INFO main cn.how2j.diytomcat.Bootstrap - JVM Vendor:		Oracle Corporation
DEBUG main cn.hutool.log.LogFactory - Use [Log4j] Logger As Default.
INFO main cn.how2j.diytomcat.Bootstrap - Server version:		Henry DiyTomcat/1.0.1
INFO main cn.how2j.diytomcat.Bootstrap - Server built:		2022-06-15 10:20:22
INFO main cn.how2j.diytomcat.Bootstrap - Server number:		1.0.1
INFO main cn.how2j.diytomcat.Bootstrap - OS Name	:		Mac OS X
INFO main cn.how2j.diytomcat.Bootstrap - OS Version:		12.3
INFO main cn.how2j.diytomcat.Bootstrap - Architecture:		x86_64
INFO main cn.how2j.diytomcat.Bootstrap - Java Home:		/Users/henryye/Library/Java/JavaVirtualMachines/openjdk-18.0.2/Contents/Home
INFO main cn.how2j.diytomcat.Bootstrap - JVM Version:		18.0.2+9-61
INFO main cn.how2j.diytomcat.Bootstrap - JVM Vendor:		Oracle Corporation
DEBUG main cn.hutool.log.LogFactory - Use [Log4j] Logger As Default.
INFO main cn.how2j.diytomcat.Bootstrap - Server version:		Henry DiyTomcat/1.0.1
INFO main cn.how2j.diytomcat.Bootstrap - Server built:		2022-06-15 10:20:22
INFO main cn.how2j.diytomcat.Bootstrap - Server number:		1.0.1
INFO main cn.how2j.diytomcat.Bootstrap - OS Name	:		Mac OS X
INFO main cn.how2j.diytomcat.Bootstrap - OS Version:		12.3
INFO main cn.how2j.diytomcat.Bootstrap - Architecture:		x86_64
INFO main cn.how2j.diytomcat.Bootstrap - Java Home:		/Users/henryye/Library/Java/JavaVirtualMachines/openjdk-18.0.2/Contents/Home
INFO main cn.how2j.diytomcat.Bootstrap - JVM Version:		18.0.2+9-61
INFO main cn.how2j.diytomcat.Bootstrap - JVM Vendor:		Oracle Corporation
